2015-11-10 20:56:02 512: DbAcl::check() - Failed ACO node lookup in permissions check. Node references:
Aro: Array
(
    [User] => Array
        (
            [id] => 5
            [created] => 2015-09-01 05:11:52
            [modified] => 2015-10-27 19:11:57
            [username] => miro
            [mail] => miro@maidea.hr
            [name] => Miro2
            [surname] => Ćosić
            [role] => 
            [group_id] => 1
            [oib] => 
            [Group] => Array
                (
                    [id] => 1
                    [name] => Administrators
                    [created] => 2015-09-01 03:33:21
                    [modified] => 2015-09-01 03:33:21
                )

        )

)

Aco: controllers/Homepage/home
2015-11-10 21:06:17 512: DbAcl::allow() - Invalid node
2015-11-10 21:10:42 512: DbAcl::check() - Failed ACO node lookup in permissions check. Node references:
Aro: Array
(
    [User] => Array
        (
            [id] => 5
            [created] => 2015-09-01 05:11:52
            [modified] => 2015-10-27 19:11:57
            [username] => miro
            [mail] => miro@maidea.hr
            [name] => Miro2
            [surname] => Ćosić
            [role] => 
            [group_id] => 1
            [oib] => 
            [Group] => Array
                (
                    [id] => 1
                    [name] => Administrators
                    [created] => 2015-09-01 03:33:21
                    [modified] => 2015-09-01 03:33:21
                )

        )

)

Aco: controllers/Homepage/home
2015-11-10 21:10:50 512: DbAcl::check() - Failed ACO node lookup in permissions check. Node references:
Aro: Array
(
    [User] => Array
        (
            [id] => 5
            [created] => 2015-09-01 05:11:52
            [modified] => 2015-10-27 19:11:57
            [username] => miro
            [mail] => miro@maidea.hr
            [name] => Miro2
            [surname] => Ćosić
            [role] => 
            [group_id] => 1
            [oib] => 
            [Group] => Array
                (
                    [id] => 1
                    [name] => Administrators
                    [created] => 2015-09-01 03:33:21
                    [modified] => 2015-09-01 03:33:21
                )

        )

)

Aco: controllers/Donors/index
2015-11-10 21:18:23 512: DbAcl::check() - Failed ACO node lookup in permissions check. Node references:
Aro: Array
(
    [User] => Array
        (
            [id] => 5
            [created] => 2015-09-01 05:11:52
            [modified] => 2015-10-27 19:11:57
            [username] => miro
            [mail] => miro@maidea.hr
            [name] => Miro2
            [surname] => Ćosić
            [role] => 
            [group_id] => 1
            [oib] => 
            [Group] => Array
                (
                    [id] => 1
                    [name] => Administrators
                    [created] => 2015-09-01 03:33:21
                    [modified] => 2015-09-01 03:33:21
                )

        )

)

Aco: controllers/Homepage/home
2015-11-10 21:18:27 512: DbAcl::check() - Failed ACO node lookup in permissions check. Node references:
Aro: Array
(
    [User] => Array
        (
            [id] => 5
            [created] => 2015-09-01 05:11:52
            [modified] => 2015-10-27 19:11:57
            [username] => miro
            [mail] => miro@maidea.hr
            [name] => Miro2
            [surname] => Ćosić
            [role] => 
            [group_id] => 1
            [oib] => 
            [Group] => Array
                (
                    [id] => 1
                    [name] => Administrators
                    [created] => 2015-09-01 03:33:21
                    [modified] => 2015-09-01 03:33:21
                )

        )

)

Aco: controllers/Donors/index
2015-11-10 21:25:18 512: DbAcl::check() - Failed ARO node lookup in permissions check. Node references:
Aro: warriors/Aragorn
Aco: Weapons
2015-11-10 21:48:25 512: DbAcl::check() - Failed ACO node lookup in permissions check. Node references:
Aro: Users
Aco: clinics
2015-11-10 21:48:30 512: DbAcl::check() - Failed ACO node lookup in permissions check. Node references:
Aro: Users
Aco: clinics
2015-11-10 21:48:48 512: DbAcl::check() - Failed ARO node lookup in permissions check. Node references:
Aro: Admin2s
Aco: donors
2015-11-10 21:59:25 512: DbAcl::check() - Failed ACO node lookup in permissions check. Node references:
Aro: Array
(
    [User] => Array
        (
            [id] => 5
            [created] => 2015-09-01 05:11:52
            [modified] => 2015-10-27 19:11:57
            [username] => miro
            [mail] => miro@maidea.hr
            [name] => Miro2
            [surname] => Ćosić
            [role] => 
            [group_id] => 1
            [oib] => 
            [Group] => Array
                (
                    [id] => 1
                    [name] => Administrators
                    [created] => 2015-09-01 03:33:21
                    [modified] => 2015-09-01 03:33:21
                )

        )

)

Aco: controllers/Homepage/home
2015-11-10 22:06:08 512: DbAcl::check() - Failed ACO node lookup in permissions check. Node references:
Aro: Array
(
    [User] => Array
        (
            [id] => 5
            [created] => 2015-09-01 05:11:52
            [modified] => 2015-10-27 19:11:57
            [username] => miro
            [mail] => miro@maidea.hr
            [name] => Miro2
            [surname] => Ćosić
            [role] => 
            [group_id] => 1
            [oib] => 
            [Group] => Array
                (
                    [id] => 1
                    [name] => Administrators
                    [created] => 2015-09-01 03:33:21
                    [modified] => 2015-09-01 03:33:21
                )

        )

)

Aco: controllers/Homepage/home
2015-11-10 22:06:11 512: DbAcl::check() - Failed ACO node lookup in permissions check. Node references:
Aro: Array
(
    [User] => Array
        (
            [id] => 5
            [created] => 2015-09-01 05:11:52
            [modified] => 2015-10-27 19:11:57
            [username] => miro
            [mail] => miro@maidea.hr
            [name] => Miro2
            [surname] => Ćosić
            [role] => 
            [group_id] => 1
            [oib] => 
            [Group] => Array
                (
                    [id] => 1
                    [name] => Administrators
                    [created] => 2015-09-01 03:33:21
                    [modified] => 2015-09-01 03:33:21
                )

        )

)

Aco: controllers/Donors/index
2015-11-10 22:07:36 512: DbAcl::check() - Failed ACO node lookup in permissions check. Node references:
Aro: Array
(
    [User] => Array
        (
            [id] => 5
            [created] => 2015-09-01 05:11:52
            [modified] => 2015-10-27 19:11:57
            [username] => miro
            [mail] => miro@maidea.hr
            [name] => Miro2
            [surname] => Ćosić
            [role] => 
            [group_id] => 1
            [oib] => 
            [Group] => Array
                (
                    [id] => 1
                    [name] => Administrators
                    [created] => 2015-09-01 03:33:21
                    [modified] => 2015-09-01 03:33:21
                )

        )

)

Aco: controllers/Donors/index
2015-11-10 22:08:12 512: DbAcl::check() - Failed ACO node lookup in permissions check. Node references:
Aro: Array
(
    [User] => Array
        (
            [id] => 5
            [created] => 2015-09-01 05:11:52
            [modified] => 2015-10-27 19:11:57
            [username] => miro
            [mail] => miro@maidea.hr
            [name] => Miro2
            [surname] => Ćosić
            [role] => 
            [group_id] => 1
            [oib] => 
            [Group] => Array
                (
                    [id] => 1
                    [name] => Administrators
                    [created] => 2015-09-01 03:33:21
                    [modified] => 2015-09-01 03:33:21
                )

        )

)

Aco: controllers/Donors/index
2015-11-10 22:08:14 512: DbAcl::check() - Failed ACO node lookup in permissions check. Node references:
Aro: Array
(
    [User] => Array
        (
            [id] => 5
            [created] => 2015-09-01 05:11:52
            [modified] => 2015-10-27 19:11:57
            [username] => miro
            [mail] => miro@maidea.hr
            [name] => Miro2
            [surname] => Ćosić
            [role] => 
            [group_id] => 1
            [oib] => 
            [Group] => Array
                (
                    [id] => 1
                    [name] => Administrators
                    [created] => 2015-09-01 03:33:21
                    [modified] => 2015-09-01 03:33:21
                )

        )

)

Aco: controllers/Donors/index
2015-11-10 22:08:29 512: DbAcl::check() - Failed ACO node lookup in permissions check. Node references:
Aro: Array
(
    [User] => Array
        (
            [id] => 5
            [created] => 2015-09-01 05:11:52
            [modified] => 2015-10-27 19:11:57
            [username] => miro
            [mail] => miro@maidea.hr
            [name] => Miro2
            [surname] => Ćosić
            [role] => 
            [group_id] => 1
            [oib] => 
            [Group] => Array
                (
                    [id] => 1
                    [name] => Administrators
                    [created] => 2015-09-01 03:33:21
                    [modified] => 2015-09-01 03:33:21
                )

        )

)

Aco: controllers/Donors/index
2015-11-10 22:08:34 512: DbAcl::check() - Failed ACO node lookup in permissions check. Node references:
Aro: Array
(
    [User] => Array
        (
            [id] => 5
            [created] => 2015-09-01 05:11:52
            [modified] => 2015-10-27 19:11:57
            [username] => miro
            [mail] => miro@maidea.hr
            [name] => Miro2
            [surname] => Ćosić
            [role] => 
            [group_id] => 1
            [oib] => 
            [Group] => Array
                (
                    [id] => 1
                    [name] => Administrators
                    [created] => 2015-09-01 03:33:21
                    [modified] => 2015-09-01 03:33:21
                )

        )

)

Aco: controllers/Donors/index
2015-11-10 22:09:03 512: DbAcl::check() - Failed ACO node lookup in permissions check. Node references:
Aro: Array
(
    [User] => Array
        (
            [id] => 5
            [created] => 2015-09-01 05:11:52
            [modified] => 2015-10-27 19:11:57
            [username] => miro
            [mail] => miro@maidea.hr
            [name] => Miro2
            [surname] => Ćosić
            [role] => 
            [group_id] => 1
            [oib] => 
            [Group] => Array
                (
                    [id] => 1
                    [name] => Administrators
                    [created] => 2015-09-01 03:33:21
                    [modified] => 2015-09-01 03:33:21
                )

        )

)

Aco: controllers/Donors/index
2015-11-10 22:09:06 512: DbAcl::check() - Failed ACO node lookup in permissions check. Node references:
Aro: Array
(
    [User] => Array
        (
            [id] => 5
            [created] => 2015-09-01 05:11:52
            [modified] => 2015-10-27 19:11:57
            [username] => miro
            [mail] => miro@maidea.hr
            [name] => Miro2
            [surname] => Ćosić
            [role] => 
            [group_id] => 1
            [oib] => 
            [Group] => Array
                (
                    [id] => 1
                    [name] => Administrators
                    [created] => 2015-09-01 03:33:21
                    [modified] => 2015-09-01 03:33:21
                )

        )

)

Aco: controllers/Donors/index
2015-11-10 22:09:16 512: DbAcl::check() - Failed ACO node lookup in permissions check. Node references:
Aro: Array
(
    [User] => Array
        (
            [id] => 5
            [created] => 2015-09-01 05:11:52
            [modified] => 2015-10-27 19:11:57
            [username] => miro
            [mail] => miro@maidea.hr
            [name] => Miro2
            [surname] => Ćosić
            [role] => 
            [group_id] => 1
            [oib] => 
            [Group] => Array
                (
                    [id] => 1
                    [name] => Administrators
                    [created] => 2015-09-01 03:33:21
                    [modified] => 2015-09-01 03:33:21
                )

        )

)

Aco: controllers/Donors/index
2015-11-10 22:09:30 512: DbAcl::check() - Failed ACO node lookup in permissions check. Node references:
Aro: Array
(
    [User] => Array
        (
            [id] => 5
            [created] => 2015-09-01 05:11:52
            [modified] => 2015-10-27 19:11:57
            [username] => miro
            [mail] => miro@maidea.hr
            [name] => Miro2
            [surname] => Ćosić
            [role] => 
            [group_id] => 1
            [oib] => 
            [Group] => Array
                (
                    [id] => 1
                    [name] => Administrators
                    [created] => 2015-09-01 03:33:21
                    [modified] => 2015-09-01 03:33:21
                )

        )

)

Aco: controllers/Donors/index
2015-11-10 22:09:35 512: DbAcl::check() - Failed ACO node lookup in permissions check. Node references:
Aro: Array
(
    [User] => Array
        (
            [id] => 5
            [created] => 2015-09-01 05:11:52
            [modified] => 2015-10-27 19:11:57
            [username] => miro
            [mail] => miro@maidea.hr
            [name] => Miro2
            [surname] => Ćosić
            [role] => 
            [group_id] => 1
            [oib] => 
            [Group] => Array
                (
                    [id] => 1
                    [name] => Administrators
                    [created] => 2015-09-01 03:33:21
                    [modified] => 2015-09-01 03:33:21
                )

        )

)

Aco: controllers/Donors/index
2015-11-10 22:09:50 512: DbAcl::check() - Failed ACO node lookup in permissions check. Node references:
Aro: Array
(
    [User] => Array
        (
            [id] => 5
            [created] => 2015-09-01 05:11:52
            [modified] => 2015-10-27 19:11:57
            [username] => miro
            [mail] => miro@maidea.hr
            [name] => Miro2
            [surname] => Ćosić
            [role] => 
            [group_id] => 1
            [oib] => 
            [Group] => Array
                (
                    [id] => 1
                    [name] => Administrators
                    [created] => 2015-09-01 03:33:21
                    [modified] => 2015-09-01 03:33:21
                )

        )

)

Aco: controllers/Donors/index
2015-11-10 22:09:53 512: DbAcl::check() - Failed ACO node lookup in permissions check. Node references:
Aro: Array
(
    [User] => Array
        (
            [id] => 5
            [created] => 2015-09-01 05:11:52
            [modified] => 2015-10-27 19:11:57
            [username] => miro
            [mail] => miro@maidea.hr
            [name] => Miro2
            [surname] => Ćosić
            [role] => 
            [group_id] => 1
            [oib] => 
            [Group] => Array
                (
                    [id] => 1
                    [name] => Administrators
                    [created] => 2015-09-01 03:33:21
                    [modified] => 2015-09-01 03:33:21
                )

        )

)

Aco: controllers/Donors/index
2015-11-10 22:10:20 512: DbAcl::check() - Failed ACO node lookup in permissions check. Node references:
Aro: Array
(
    [User] => Array
        (
            [id] => 5
            [created] => 2015-09-01 05:11:52
            [modified] => 2015-10-27 19:11:57
            [username] => miro
            [mail] => miro@maidea.hr
            [name] => Miro2
            [surname] => Ćosić
            [role] => 
            [group_id] => 1
            [oib] => 
            [Group] => Array
                (
                    [id] => 1
                    [name] => Administrators
                    [created] => 2015-09-01 03:33:21
                    [modified] => 2015-09-01 03:33:21
                )

        )

)

Aco: controllers/Test/test
2015-11-10 22:12:05 512: DbAcl::check() - Failed ACO node lookup in permissions check. Node references:
Aro: Array
(
    [User] => Array
        (
            [id] => 5
            [created] => 2015-09-01 05:11:52
            [modified] => 2015-10-27 19:11:57
            [username] => miro
            [mail] => miro@maidea.hr
            [name] => Miro2
            [surname] => Ćosić
            [role] => 
            [group_id] => 1
            [oib] => 
            [Group] => Array
                (
                    [id] => 1
                    [name] => Administrators
                    [created] => 2015-09-01 03:33:21
                    [modified] => 2015-09-01 03:33:21
                )

        )

)

Aco: controllers/Donors/getDonors
2015-11-10 22:15:06 512: DbAcl::check() - Failed ACO node lookup in permissions check. Node references:
Aro: Array
(
    [User] => Array
        (
            [id] => 5
            [created] => 2015-09-01 05:11:52
            [modified] => 2015-10-27 19:11:57
            [username] => miro
            [mail] => miro@maidea.hr
            [name] => Miro2
            [surname] => Ćosić
            [role] => 
            [group_id] => 1
            [oib] => 
            [Group] => Array
                (
                    [id] => 1
                    [name] => Administrators
                    [created] => 2015-09-01 03:33:21
                    [modified] => 2015-09-01 03:33:21
                )

        )

)

Aco: controllers/Events/index
2015-11-10 22:15:11 512: DbAcl::check() - Failed ACO node lookup in permissions check. Node references:
Aro: Array
(
    [User] => Array
        (
            [id] => 5
            [created] => 2015-09-01 05:11:52
            [modified] => 2015-10-27 19:11:57
            [username] => miro
            [mail] => miro@maidea.hr
            [name] => Miro2
            [surname] => Ćosić
            [role] => 
            [group_id] => 1
            [oib] => 
            [Group] => Array
                (
                    [id] => 1
                    [name] => Administrators
                    [created] => 2015-09-01 03:33:21
                    [modified] => 2015-09-01 03:33:21
                )

        )

)

Aco: controllers/Donors/getDonors
2015-11-10 22:15:13 512: DbAcl::check() - Failed ACO node lookup in permissions check. Node references:
Aro: Array
(
    [User] => Array
        (
            [id] => 5
            [created] => 2015-09-01 05:11:52
            [modified] => 2015-10-27 19:11:57
            [username] => miro
            [mail] => miro@maidea.hr
            [name] => Miro2
            [surname] => Ćosić
            [role] => 
            [group_id] => 1
            [oib] => 
            [Group] => Array
                (
                    [id] => 1
                    [name] => Administrators
                    [created] => 2015-09-01 03:33:21
                    [modified] => 2015-09-01 03:33:21
                )

        )

)

Aco: controllers/Clinics/index
2015-11-10 22:15:20 512: DbAcl::check() - Failed ACO node lookup in permissions check. Node references:
Aro: Array
(
    [User] => Array
        (
            [id] => 5
            [created] => 2015-09-01 05:11:52
            [modified] => 2015-10-27 19:11:57
            [username] => miro
            [mail] => miro@maidea.hr
            [name] => Miro2
            [surname] => Ćosić
            [role] => 
            [group_id] => 1
            [oib] => 
            [Group] => Array
                (
                    [id] => 1
                    [name] => Administrators
                    [created] => 2015-09-01 03:33:21
                    [modified] => 2015-09-01 03:33:21
                )

        )

)

Aco: controllers/Donors/getDonors
2015-11-10 22:17:18 512: DbAcl::check() - Failed ACO node lookup in permissions check. Node references:
Aro: Array
(
    [User] => Array
        (
            [id] => 5
            [created] => 2015-09-01 05:11:52
            [modified] => 2015-10-27 19:11:57
            [username] => miro
            [mail] => miro@maidea.hr
            [name] => Miro2
            [surname] => Ćosić
            [role] => 
            [group_id] => 1
            [oib] => 
            [Group] => Array
                (
                    [id] => 1
                    [name] => Administrators
                    [created] => 2015-09-01 03:33:21
                    [modified] => 2015-09-01 03:33:21
                )

        )

)

Aco: controllers/Users/index
2015-11-10 22:18:37 512: DbAcl::check() - Failed ACO node lookup in permissions check. Node references:
Aro: Array
(
    [User] => Array
        (
            [id] => 5
            [created] => 2015-09-01 05:11:52
            [modified] => 2015-10-27 19:11:57
            [username] => miro
            [mail] => miro@maidea.hr
            [name] => Miro2
            [surname] => Ćosić
            [role] => 
            [group_id] => 1
            [oib] => 
            [Group] => Array
                (
                    [id] => 1
                    [name] => Administrators
                    [created] => 2015-09-01 03:33:21
                    [modified] => 2015-09-01 03:33:21
                )

        )

)

Aco: controllers/Users/index
2015-11-10 22:19:42 512: DbAcl::check() - Failed ACO node lookup in permissions check. Node references:
Aro: Array
(
    [User] => Array
        (
            [id] => 5
            [created] => 2015-09-01 05:11:52
            [modified] => 2015-10-27 19:11:57
            [username] => miro
            [mail] => miro@maidea.hr
            [name] => Miro2
            [surname] => Ćosić
            [role] => 
            [group_id] => 1
            [oib] => 
            [Group] => Array
                (
                    [id] => 1
                    [name] => Administrators
                    [created] => 2015-09-01 03:33:21
                    [modified] => 2015-09-01 03:33:21
                )

        )

)

Aco: controllers/Users/index
2015-11-10 22:19:52 512: DbAcl::check() - Failed ACO node lookup in permissions check. Node references:
Aro: Array
(
    [User] => Array
        (
            [id] => 5
            [created] => 2015-09-01 05:11:52
            [modified] => 2015-10-27 19:11:57
            [username] => miro
            [mail] => miro@maidea.hr
            [name] => Miro2
            [surname] => Ćosić
            [role] => 
            [group_id] => 1
            [oib] => 
            [Group] => Array
                (
                    [id] => 1
                    [name] => Administrators
                    [created] => 2015-09-01 03:33:21
                    [modified] => 2015-09-01 03:33:21
                )

        )

)

Aco: controllers/Users/index
2015-11-10 22:20:09 512: DbAcl::check() - Failed ACO node lookup in permissions check. Node references:
Aro: Array
(
    [User] => Array
        (
            [id] => 5
            [created] => 2015-09-01 05:11:52
            [modified] => 2015-10-27 19:11:57
            [username] => miro
            [mail] => miro@maidea.hr
            [name] => Miro2
            [surname] => Ćosić
            [role] => 
            [group_id] => 1
            [oib] => 
            [Group] => Array
                (
                    [id] => 1
                    [name] => Administrators
                    [created] => 2015-09-01 03:33:21
                    [modified] => 2015-09-01 03:33:21
                )

        )

)

Aco: controllers/Users/index
2015-11-10 22:20:20 512: DbAcl::check() - Failed ACO node lookup in permissions check. Node references:
Aro: Array
(
    [User] => Array
        (
            [id] => 5
            [created] => 2015-09-01 05:11:52
            [modified] => 2015-10-27 19:11:57
            [username] => miro
            [mail] => miro@maidea.hr
            [name] => Miro2
            [surname] => Ćosić
            [role] => 
            [group_id] => 1
            [oib] => 
            [Group] => Array
                (
                    [id] => 1
                    [name] => Administrators
                    [created] => 2015-09-01 03:33:21
                    [modified] => 2015-09-01 03:33:21
                )

        )

)

Aco: controllers/Homepage/home
2015-11-10 22:20:27 512: DbAcl::check() - Failed ACO node lookup in permissions check. Node references:
Aro: Array
(
    [User] => Array
        (
            [id] => 5
            [created] => 2015-09-01 05:11:52
            [modified] => 2015-10-27 19:11:57
            [username] => miro
            [mail] => miro@maidea.hr
            [name] => Miro2
            [surname] => Ćosić
            [role] => 
            [group_id] => 1
            [oib] => 
            [Group] => Array
                (
                    [id] => 1
                    [name] => Administrators
                    [created] => 2015-09-01 03:33:21
                    [modified] => 2015-09-01 03:33:21
                )

        )

)

Aco: controllers/Homepage/home
2015-11-10 22:20:29 512: DbAcl::check() - Failed ACO node lookup in permissions check. Node references:
Aro: Array
(
    [User] => Array
        (
            [id] => 5
            [created] => 2015-09-01 05:11:52
            [modified] => 2015-10-27 19:11:57
            [username] => miro
            [mail] => miro@maidea.hr
            [name] => Miro2
            [surname] => Ćosić
            [role] => 
            [group_id] => 1
            [oib] => 
            [Group] => Array
                (
                    [id] => 1
                    [name] => Administrators
                    [created] => 2015-09-01 03:33:21
                    [modified] => 2015-09-01 03:33:21
                )

        )

)

Aco: controllers/Homepage/index
2015-11-10 22:20:38 512: DbAcl::check() - Failed ACO node lookup in permissions check. Node references:
Aro: Array
(
    [User] => Array
        (
            [id] => 5
            [created] => 2015-09-01 05:11:52
            [modified] => 2015-10-27 19:11:57
            [username] => miro
            [mail] => miro@maidea.hr
            [name] => Miro2
            [surname] => Ćosić
            [role] => 
            [group_id] => 1
            [oib] => 
            [Group] => Array
                (
                    [id] => 1
                    [name] => Administrators
                    [created] => 2015-09-01 03:33:21
                    [modified] => 2015-09-01 03:33:21
                )

        )

)

Aco: controllers/Homepage/index
2015-11-10 22:21:15 512: DbAcl::check() - Failed ACO node lookup in permissions check. Node references:
Aro: Array
(
    [User] => Array
        (
            [id] => 5
            [created] => 2015-09-01 05:11:52
            [modified] => 2015-10-27 19:11:57
            [username] => miro
            [mail] => miro@maidea.hr
            [name] => Miro2
            [surname] => Ćosić
            [role] => 
            [group_id] => 1
            [oib] => 
            [Group] => Array
                (
                    [id] => 1
                    [name] => Administrators
                    [created] => 2015-09-01 03:33:21
                    [modified] => 2015-09-01 03:33:21
                )

        )

)

Aco: controllers/Homepage/home
2015-11-10 22:21:30 512: DbAcl::check() - Failed ACO node lookup in permissions check. Node references:
Aro: Array
(
    [User] => Array
        (
            [id] => 5
            [created] => 2015-09-01 05:11:52
            [modified] => 2015-10-27 19:11:57
            [username] => miro
            [mail] => miro@maidea.hr
            [name] => Miro2
            [surname] => Ćosić
            [role] => 
            [group_id] => 1
            [oib] => 
            [Group] => Array
                (
                    [id] => 1
                    [name] => Administrators
                    [created] => 2015-09-01 03:33:21
                    [modified] => 2015-09-01 03:33:21
                )

        )

)

Aco: controllers/Homepage/home
2015-11-10 22:21:33 512: DbAcl::check() - Failed ACO node lookup in permissions check. Node references:
Aro: Array
(
    [User] => Array
        (
            [id] => 5
            [created] => 2015-09-01 05:11:52
            [modified] => 2015-10-27 19:11:57
            [username] => miro
            [mail] => miro@maidea.hr
            [name] => Miro2
            [surname] => Ćosić
            [role] => 
            [group_id] => 1
            [oib] => 
            [Group] => Array
                (
                    [id] => 1
                    [name] => Administrators
                    [created] => 2015-09-01 03:33:21
                    [modified] => 2015-09-01 03:33:21
                )

        )

)

Aco: controllers/Homepage/home
2015-11-10 22:21:40 512: DbAcl::check() - Failed ACO node lookup in permissions check. Node references:
Aro: Array
(
    [User] => Array
        (
            [id] => 5
            [created] => 2015-09-01 05:11:52
            [modified] => 2015-10-27 19:11:57
            [username] => miro
            [mail] => miro@maidea.hr
            [name] => Miro2
            [surname] => Ćosić
            [role] => 
            [group_id] => 1
            [oib] => 
            [Group] => Array
                (
                    [id] => 1
                    [name] => Administrators
                    [created] => 2015-09-01 03:33:21
                    [modified] => 2015-09-01 03:33:21
                )

        )

)

Aco: controllers/Donors/getDonors
2015-11-10 22:22:06 512: DbAcl::check() - Failed ACO node lookup in permissions check. Node references:
Aro: Array
(
    [User] => Array
        (
            [id] => 5
            [created] => 2015-09-01 05:11:52
            [modified] => 2015-10-27 19:11:57
            [username] => miro
            [mail] => miro@maidea.hr
            [name] => Miro2
            [surname] => Ćosić
            [role] => 
            [group_id] => 1
            [oib] => 
            [Group] => Array
                (
                    [id] => 1
                    [name] => Administrators
                    [created] => 2015-09-01 03:33:21
                    [modified] => 2015-09-01 03:33:21
                )

        )

)

Aco: controllers/Donors/getDonors
2015-11-10 22:22:11 512: DbAcl::check() - Failed ACO node lookup in permissions check. Node references:
Aro: Array
(
    [User] => Array
        (
            [id] => 5
            [created] => 2015-09-01 05:11:52
            [modified] => 2015-10-27 19:11:57
            [username] => miro
            [mail] => miro@maidea.hr
            [name] => Miro2
            [surname] => Ćosić
            [role] => 
            [group_id] => 1
            [oib] => 
            [Group] => Array
                (
                    [id] => 1
                    [name] => Administrators
                    [created] => 2015-09-01 03:33:21
                    [modified] => 2015-09-01 03:33:21
                )

        )

)

Aco: controllers/Donors/getDonors
2015-11-10 22:22:26 512: DbAcl::check() - Failed ACO node lookup in permissions check. Node references:
Aro: Array
(
    [User] => Array
        (
            [id] => 5
            [created] => 2015-09-01 05:11:52
            [modified] => 2015-10-27 19:11:57
            [username] => miro
            [mail] => miro@maidea.hr
            [name] => Miro2
            [surname] => Ćosić
            [role] => 
            [group_id] => 1
            [oib] => 
            [Group] => Array
                (
                    [id] => 1
                    [name] => Administrators
                    [created] => 2015-09-01 03:33:21
                    [modified] => 2015-09-01 03:33:21
                )

        )

)

Aco: controllers/Donors/getDonors
2015-11-10 22:22:30 512: DbAcl::check() - Failed ACO node lookup in permissions check. Node references:
Aro: Array
(
    [User] => Array
        (
            [id] => 5
            [created] => 2015-09-01 05:11:52
            [modified] => 2015-10-27 19:11:57
            [username] => miro
            [mail] => miro@maidea.hr
            [name] => Miro2
            [surname] => Ćosić
            [role] => 
            [group_id] => 1
            [oib] => 
            [Group] => Array
                (
                    [id] => 1
                    [name] => Administrators
                    [created] => 2015-09-01 03:33:21
                    [modified] => 2015-09-01 03:33:21
                )

        )

)

Aco: controllers/Users/index
2015-11-10 22:23:30 512: DbAcl::check() - Failed ACO node lookup in permissions check. Node references:
Aro: Array
(
    [User] => Array
        (
            [id] => 5
            [created] => 2015-09-01 05:11:52
            [modified] => 2015-10-27 19:11:57
            [username] => miro
            [mail] => miro@maidea.hr
            [name] => Miro2
            [surname] => Ćosić
            [role] => 
            [group_id] => 1
            [oib] => 
            [Group] => Array
                (
                    [id] => 1
                    [name] => Administrators
                    [created] => 2015-09-01 03:33:21
                    [modified] => 2015-09-01 03:33:21
                )

        )

)

Aco: controllers/Users/index
2015-11-10 22:24:26 512: DbAcl::check() - Failed ACO node lookup in permissions check. Node references:
Aro: Array
(
    [User] => Array
        (
            [id] => 5
            [created] => 2015-09-01 05:11:52
            [modified] => 2015-10-27 19:11:57
            [username] => miro
            [mail] => miro@maidea.hr
            [name] => Miro2
            [surname] => Ćosić
            [role] => 
            [group_id] => 1
            [oib] => 
            [Group] => Array
                (
                    [id] => 1
                    [name] => Administrators
                    [created] => 2015-09-01 03:33:21
                    [modified] => 2015-09-01 03:33:21
                )

        )

)

Aco: controllers/Users/index
2015-11-10 22:24:32 512: DbAcl::check() - Failed ACO node lookup in permissions check. Node references:
Aro: Array
(
    [User] => Array
        (
            [id] => 5
            [created] => 2015-09-01 05:11:52
            [modified] => 2015-10-27 19:11:57
            [username] => miro
            [mail] => miro@maidea.hr
            [name] => Miro2
            [surname] => Ćosić
            [role] => 
            [group_id] => 1
            [oib] => 
            [Group] => Array
                (
                    [id] => 1
                    [name] => Administrators
                    [created] => 2015-09-01 03:33:21
                    [modified] => 2015-09-01 03:33:21
                )

        )

)

Aco: controllers/Donors/getDonors
2015-11-10 22:24:34 512: DbAcl::check() - Failed ACO node lookup in permissions check. Node references:
Aro: Array
(
    [User] => Array
        (
            [id] => 5
            [created] => 2015-09-01 05:11:52
            [modified] => 2015-10-27 19:11:57
            [username] => miro
            [mail] => miro@maidea.hr
            [name] => Miro2
            [surname] => Ćosić
            [role] => 
            [group_id] => 1
            [oib] => 
            [Group] => Array
                (
                    [id] => 1
                    [name] => Administrators
                    [created] => 2015-09-01 03:33:21
                    [modified] => 2015-09-01 03:33:21
                )

        )

)

Aco: controllers/Users/index
2015-11-10 22:24:37 512: DbAcl::check() - Failed ACO node lookup in permissions check. Node references:
Aro: Array
(
    [User] => Array
        (
            [id] => 5
            [created] => 2015-09-01 05:11:52
            [modified] => 2015-10-27 19:11:57
            [username] => miro
            [mail] => miro@maidea.hr
            [name] => Miro2
            [surname] => Ćosić
            [role] => 
            [group_id] => 1
            [oib] => 
            [Group] => Array
                (
                    [id] => 1
                    [name] => Administrators
                    [created] => 2015-09-01 03:33:21
                    [modified] => 2015-09-01 03:33:21
                )

        )

)

Aco: controllers/Donors/getDonors
2015-11-10 22:27:38 512: DbAcl::check() - Failed ACO node lookup in permissions check. Node references:
Aro: Array
(
    [User] => Array
        (
            [id] => 5
            [created] => 2015-09-01 05:11:52
            [modified] => 2015-10-27 19:11:57
            [username] => miro
            [mail] => miro@maidea.hr
            [name] => Miro2
            [surname] => Ćosić
            [role] => 
            [group_id] => 1
            [oib] => 
            [Group] => Array
                (
                    [id] => 1
                    [name] => Administrators
                    [created] => 2015-09-01 03:33:21
                    [modified] => 2015-09-01 03:33:21
                )

        )

)

Aco: controllers/Clinics/index
2015-11-10 22:27:44 512: DbAcl::check() - Failed ACO node lookup in permissions check. Node references:
Aro: Array
(
    [User] => Array
        (
            [id] => 5
            [created] => 2015-09-01 05:11:52
            [modified] => 2015-10-27 19:11:57
            [username] => miro
            [mail] => miro@maidea.hr
            [name] => Miro2
            [surname] => Ćosić
            [role] => 
            [group_id] => 1
            [oib] => 
            [Group] => Array
                (
                    [id] => 1
                    [name] => Administrators
                    [created] => 2015-09-01 03:33:21
                    [modified] => 2015-09-01 03:33:21
                )

        )

)

Aco: controllers/Donors/getDonors
2015-11-11 20:31:16 512: DbAcl::check() - Failed ACO node lookup in permissions check. Node references:
Aro: Array
(
    [User] => Array
        (
            [id] => 5
            [created] => 2015-09-01 05:11:52
            [modified] => 2015-10-27 19:11:57
            [username] => miro
            [mail] => miro@maidea.hr
            [name] => Miro2
            [surname] => Ćosić
            [role] => 
            [group_id] => 1
            [oib] => 
            [Group] => Array
                (
                    [id] => 1
                    [name] => Administrators
                    [created] => 2015-09-01 03:33:21
                    [modified] => 2015-09-01 03:33:21
                )

        )

)

Aco: controllers/Events/index
2015-11-11 20:31:21 512: DbAcl::check() - Failed ACO node lookup in permissions check. Node references:
Aro: Array
(
    [User] => Array
        (
            [id] => 5
            [created] => 2015-09-01 05:11:52
            [modified] => 2015-10-27 19:11:57
            [username] => miro
            [mail] => miro@maidea.hr
            [name] => Miro2
            [surname] => Ćosić
            [role] => 
            [group_id] => 1
            [oib] => 
            [Group] => Array
                (
                    [id] => 1
                    [name] => Administrators
                    [created] => 2015-09-01 03:33:21
                    [modified] => 2015-09-01 03:33:21
                )

        )

)

Aco: controllers/Donors/getDonors
2015-11-11 20:31:24 512: DbAcl::check() - Failed ACO node lookup in permissions check. Node references:
Aro: Array
(
    [User] => Array
        (
            [id] => 5
            [created] => 2015-09-01 05:11:52
            [modified] => 2015-10-27 19:11:57
            [username] => miro
            [mail] => miro@maidea.hr
            [name] => Miro2
            [surname] => Ćosić
            [role] => 
            [group_id] => 1
            [oib] => 
            [Group] => Array
                (
                    [id] => 1
                    [name] => Administrators
                    [created] => 2015-09-01 03:33:21
                    [modified] => 2015-09-01 03:33:21
                )

        )

)

Aco: controllers/Clinics/index
2015-11-11 20:31:28 512: DbAcl::check() - Failed ACO node lookup in permissions check. Node references:
Aro: Array
(
    [User] => Array
        (
            [id] => 5
            [created] => 2015-09-01 05:11:52
            [modified] => 2015-10-27 19:11:57
            [username] => miro
            [mail] => miro@maidea.hr
            [name] => Miro2
            [surname] => Ćosić
            [role] => 
            [group_id] => 1
            [oib] => 
            [Group] => Array
                (
                    [id] => 1
                    [name] => Administrators
                    [created] => 2015-09-01 03:33:21
                    [modified] => 2015-09-01 03:33:21
                )

        )

)

Aco: controllers/Donors/getDonors
2015-11-11 20:31:42 512: DbAcl::check() - Failed ACO node lookup in permissions check. Node references:
Aro: Array
(
    [User] => Array
        (
            [id] => 5
            [created] => 2015-09-01 05:11:52
            [modified] => 2015-10-27 19:11:57
            [username] => miro
            [mail] => miro@maidea.hr
            [name] => Miro2
            [surname] => Ćosić
            [role] => 
            [group_id] => 1
            [oib] => 
            [Group] => Array
                (
                    [id] => 1
                    [name] => Administrators
                    [created] => 2015-09-01 03:33:21
                    [modified] => 2015-09-01 03:33:21
                )

        )

)

Aco: controllers/Users/index
2015-11-11 20:31:53 512: DbAcl::check() - Failed ACO node lookup in permissions check. Node references:
Aro: Array
(
    [User] => Array
        (
            [id] => 5
            [created] => 2015-09-01 05:11:52
            [modified] => 2015-10-27 19:11:57
            [username] => miro
            [mail] => miro@maidea.hr
            [name] => Miro2
            [surname] => Ćosić
            [role] => 
            [group_id] => 1
            [oib] => 
            [Group] => Array
                (
                    [id] => 1
                    [name] => Administrators
                    [created] => 2015-09-01 03:33:21
                    [modified] => 2015-09-01 03:33:21
                )

        )

)

Aco: controllers/Donors/getDonors
2015-11-11 20:33:11 512: DbAcl::check() - Failed ACO node lookup in permissions check. Node references:
Aro: Array
(
    [User] => Array
        (
            [id] => 5
            [created] => 2015-09-01 05:11:52
            [modified] => 2015-10-27 19:11:57
            [username] => miro
            [mail] => miro@maidea.hr
            [name] => Miro2
            [surname] => Ćosić
            [role] => 
            [group_id] => 1
            [oib] => 
            [Group] => Array
                (
                    [id] => 1
                    [name] => Administrators
                    [created] => 2015-09-01 03:33:21
                    [modified] => 2015-09-01 03:33:21
                )

        )

)

Aco: controllers/Users/index
2015-11-11 20:33:16 512: DbAcl::check() - Failed ACO node lookup in permissions check. Node references:
Aro: Array
(
    [User] => Array
        (
            [id] => 5
            [created] => 2015-09-01 05:11:52
            [modified] => 2015-10-27 19:11:57
            [username] => miro
            [mail] => miro@maidea.hr
            [name] => Miro2
            [surname] => Ćosić
            [role] => 
            [group_id] => 1
            [oib] => 
            [Group] => Array
                (
                    [id] => 1
                    [name] => Administrators
                    [created] => 2015-09-01 03:33:21
                    [modified] => 2015-09-01 03:33:21
                )

        )

)

Aco: controllers/Donors/getDonors
2015-11-11 20:36:01 512: DbAcl::check() - Failed ACO node lookup in permissions check. Node references:
Aro: Array
(
    [User] => Array
        (
            [id] => 5
            [created] => 2015-09-01 05:11:52
            [modified] => 2015-10-27 19:11:57
            [username] => miro
            [mail] => miro@maidea.hr
            [name] => Miro2
            [surname] => Ćosić
            [role] => 
            [group_id] => 1
            [oib] => 
            [Group] => Array
                (
                    [id] => 1
                    [name] => Administrators
                    [created] => 2015-09-01 03:33:21
                    [modified] => 2015-09-01 03:33:21
                )

        )

)

Aco: controllers/Users/index
2015-11-11 20:37:51 512: DbAcl::check() - Failed ACO node lookup in permissions check. Node references:
Aro: Array
(
    [User] => Array
        (
            [id] => 5
            [created] => 2015-09-01 05:11:52
            [modified] => 2015-10-27 19:11:57
            [username] => miro
            [mail] => miro@maidea.hr
            [name] => Miro2
            [surname] => Ćosić
            [role] => 
            [group_id] => 1
            [oib] => 
            [Group] => Array
                (
                    [id] => 1
                    [name] => Administrators
                    [created] => 2015-09-01 03:33:21
                    [modified] => 2015-09-01 03:33:21
                )

        )

)

Aco: controllers/Users/getUsers
2015-11-11 20:37:51 512: DbAcl::check() - Failed ACO node lookup in permissions check. Node references:
Aro: Array
(
    [User] => Array
        (
            [id] => 5
            [created] => 2015-09-01 05:11:52
            [modified] => 2015-10-27 19:11:57
            [username] => miro
            [mail] => miro@maidea.hr
            [name] => Miro2
            [surname] => Ćosić
            [role] => 
            [group_id] => 1
            [oib] => 
            [Group] => Array
                (
                    [id] => 1
                    [name] => Administrators
                    [created] => 2015-09-01 03:33:21
                    [modified] => 2015-09-01 03:33:21
                )

        )

)

Aco: controllers/Clinics/getClinics
2015-11-11 20:38:07 512: DbAcl::check() - Failed ACO node lookup in permissions check. Node references:
Aro: Array
(
    [User] => Array
        (
            [id] => 5
            [created] => 2015-09-01 05:11:52
            [modified] => 2015-10-27 19:11:57
            [username] => miro
            [mail] => miro@maidea.hr
            [name] => Miro2
            [surname] => Ćosić
            [role] => 
            [group_id] => 1
            [oib] => 
            [Group] => Array
                (
                    [id] => 1
                    [name] => Administrators
                    [created] => 2015-09-01 03:33:21
                    [modified] => 2015-09-01 03:33:21
                )

        )

)

Aco: controllers/Clinics/getClinics
2015-11-11 20:41:03 512: DbAcl::check() - Failed ACO node lookup in permissions check. Node references:
Aro: Array
(
    [User] => Array
        (
            [id] => 5
            [created] => 2015-09-01 05:11:52
            [modified] => 2015-10-27 19:11:57
            [username] => miro
            [mail] => miro@maidea.hr
            [name] => Miro2
            [surname] => Ćosić
            [role] => 
            [group_id] => 1
            [oib] => 
            [Group] => Array
                (
                    [id] => 1
                    [name] => Administrators
                    [created] => 2015-09-01 03:33:21
                    [modified] => 2015-09-01 03:33:21
                )

        )

)

Aco: controllers/Clinics/getClinics
2015-11-11 20:43:02 512: DbAcl::check() - Failed ACO node lookup in permissions check. Node references:
Aro: Array
(
    [User] => Array
        (
            [id] => 5
            [created] => 2015-09-01 05:11:52
            [modified] => 2015-10-27 19:11:57
            [username] => miro
            [mail] => miro@maidea.hr
            [name] => Miro2
            [surname] => Ćosić
            [role] => 
            [group_id] => 1
            [oib] => 
            [Group] => Array
                (
                    [id] => 1
                    [name] => Administrators
                    [created] => 2015-09-01 03:33:21
                    [modified] => 2015-09-01 03:33:21
                )

        )

)

Aco: controllers/Clinics/getClinics
2015-11-11 20:43:09 512: DbAcl::check() - Failed ACO node lookup in permissions check. Node references:
Aro: Array
(
    [User] => Array
        (
            [id] => 5
            [created] => 2015-09-01 05:11:52
            [modified] => 2015-10-27 19:11:57
            [username] => miro
            [mail] => miro@maidea.hr
            [name] => Miro2
            [surname] => Ćosić
            [role] => 
            [group_id] => 1
            [oib] => 
            [Group] => Array
                (
                    [id] => 1
                    [name] => Administrators
                    [created] => 2015-09-01 03:33:21
                    [modified] => 2015-09-01 03:33:21
                )

        )

)

Aco: controllers/Users/edit
2015-11-11 20:43:17 512: DbAcl::check() - Failed ACO node lookup in permissions check. Node references:
Aro: Array
(
    [User] => Array
        (
            [id] => 5
            [created] => 2015-09-01 05:11:52
            [modified] => 2015-10-27 19:11:57
            [username] => miro
            [mail] => miro@maidea.hr
            [name] => Miro2
            [surname] => Ćosić
            [role] => 
            [group_id] => 1
            [oib] => 
            [Group] => Array
                (
                    [id] => 1
                    [name] => Administrators
                    [created] => 2015-09-01 03:33:21
                    [modified] => 2015-09-01 03:33:21
                )

        )

)

Aco: controllers/Users/edit
2015-11-11 20:47:37 512: DbAcl::check() - Failed ACO node lookup in permissions check. Node references:
Aro: Array
(
    [User] => Array
        (
            [id] => 5
            [created] => 2015-09-01 05:11:52
            [modified] => 2015-10-27 19:11:57
            [username] => miro
            [mail] => miro@maidea.hr
            [name] => Miro2
            [surname] => Ćosić
            [role] => 
            [group_id] => 1
            [oib] => 
            [Group] => Array
                (
                    [id] => 1
                    [name] => Administrators
                    [created] => 2015-09-01 03:33:21
                    [modified] => 2015-09-01 03:33:21
                )

        )

)

Aco: controllers/Clinics/index
2015-11-11 20:48:50 512: DbAcl::check() - Failed ACO node lookup in permissions check. Node references:
Aro: Array
(
    [User] => Array
        (
            [id] => 5
            [created] => 2015-09-01 05:11:52
            [modified] => 2015-10-27 19:11:57
            [username] => miro
            [mail] => miro@maidea.hr
            [name] => Miro2
            [surname] => Ćosić
            [role] => 
            [group_id] => 1
            [oib] => 
            [Group] => Array
                (
                    [id] => 1
                    [name] => Administrators
                    [created] => 2015-09-01 03:33:21
                    [modified] => 2015-09-01 03:33:21
                )

        )

)

Aco: controllers/Clinics/getClinics
2015-11-11 20:49:45 512: DbAcl::check() - Failed ACO node lookup in permissions check. Node references:
Aro: Array
(
    [User] => Array
        (
            [id] => 5
            [created] => 2015-09-01 05:11:52
            [modified] => 2015-10-27 19:11:57
            [username] => miro
            [mail] => miro@maidea.hr
            [name] => Miro2
            [surname] => Ćosić
            [role] => 
            [group_id] => 1
            [oib] => 
            [Group] => Array
                (
                    [id] => 1
                    [name] => Administrators
                    [created] => 2015-09-01 03:33:21
                    [modified] => 2015-09-01 03:33:21
                )

        )

)

Aco: controllers/Clinics/getClinics
2015-11-11 20:51:51 512: DbAcl::check() - Failed ACO node lookup in permissions check. Node references:
Aro: Array
(
    [User] => Array
        (
            [id] => 5
            [created] => 2015-09-01 05:11:52
            [modified] => 2015-10-27 19:11:57
            [username] => miro
            [mail] => miro@maidea.hr
            [name] => Miro2
            [surname] => Ćosić
            [role] => 
            [group_id] => 1
            [oib] => 
            [Group] => Array
                (
                    [id] => 1
                    [name] => Administrators
                    [created] => 2015-09-01 03:33:21
                    [modified] => 2015-09-01 03:33:21
                )

        )

)

Aco: controllers/Donors/getDonors
2015-11-11 20:56:58 512: DbAcl::allow() - Invalid node
2015-11-11 21:03:54 512: DbAcl::allow() - Invalid node
